<?xml version="1.0" encoding="UTF-8"?>
<!-- Generated by org.testng.reporters.JUnitReportReporter -->
<testsuite hostname="Vinoth" failures="0" tests="5" name="com.vqa.sanity.RegisterDemoFlow" time="18.519" errors="0" timestamp="2025-05-18T14:54:29 BST" skipped="0">
  <testcase classname="com.vqa.sanity.RegisterDemoFlow" name="launchApplication" time="9.733"/>
  <testcase classname="com.vqa.sanity.RegisterDemoFlow" name="navigateToRegisterDemoPage" time="0.652"/>
  <testcase classname="com.vqa.sanity.RegisterDemoFlow" name="registerUser" time="7.472"/>
  <testcase classname="com.vqa.sanity.RegisterDemoFlow" name="validateTransaction" time="0.171"/>
  <testcase classname="com.vqa.sanity.RegisterDemoFlow" name="closeApplication" time="0.491"/>
</testsuite> <!-- com.vqa.sanity.RegisterDemoFlow -->
